<?xml version="1.0" encoding="UTF-8"?>
<testsuite xmlns:xsi="http://www.w3.org/2001/XMLSchema-instance" xsi:noNamespaceSchemaLocation="https://maven.apache.org/surefire/maven-surefire-plugin/xsd/surefire-test-report.xsd" version="3.0.2" name="com.rehealth.device.DeviceServiceArchitectureTest" time="1.391" tests="1" errors="0" skipped="0" failures="0">
  <properties>
[...]
</properties>
  <testcase name="deviceServiceDoesNotDependOnJeecgRepositoriesOrModels" classname="com.rehealth.device.DeviceServiceArchitectureTest" time="1.389">
    <system-out><![CDATA[2026-07-23T17:02:19.685+08:00  INFO 1149 --- [rehealth-device-service] [           main] com.tngtech.archunit.core.PluginLoader   : Detected Java version 17.0.19
]]></system-out>
  </testcase>
</testsuite>